<?xml version="1.0" encoding="UTF-8"?>
<!-- Generated by org.testng.reporters.JUnitReportReporter -->
<testsuite hostname="ManasPC" failures="0" tests="1" name="testRunner.TestRun" time="19.102" errors="0" timestamp="2024-04-28T23:39:58 EDT" skipped="0">
  <testcase classname="testRunner.TestRun" name="runScenario" time="19.102"/>
  <system-out/>
</testsuite> <!-- testRunner.TestRun -->
